  18_04_01.c
C:\Do it Ex\Do it 18_구조체와 연결 리스트\18_04_01\18_04_01.c(8,14): error C2143: 구문 오류: ')'이(가) ';' 앞에 없습니다.
C:\Do it Ex\Do it 18_구조체와 연결 리스트\18_04_01\18_04_01.c(8,23): error C2059: 구문 오류: ')'
C:\Do it Ex\Do it 18_구조체와 연결 리스트\18_04_01\18_04_01.c(11,11): warning C4473: 'scanf_s': 서식 문자열에 대한 인수가 충분하게 전달되지 않았습니다.
C:\Do it Ex\Do it 18_구조체와 연결 리스트\18_04_01\18_04_01.c(11,11): message : 자리 표시자 및 해당 매개 변수에는 variadic 인수가 2개 필요하지만 1개가 제공되었습니다.
C:\Do it Ex\Do it 18_구조체와 연결 리스트\18_04_01\18_04_01.c(11,11): message : 누락된 variadic 인수 2이(가) 서식 문자열 '%s'에 필요합니다.
C:\Do it Ex\Do it 18_구조체와 연결 리스트\18_04_01\18_04_01.c(11,11): message : 이 인수는 버퍼 크기로 사용됩니다.
C:\Do it Ex\Do it 18_구조체와 연결 리스트\18_04_01\18_04_01.c(20,4): error C2181: if와 짝을 이루지 않는 잘못된 else문입니다.
C:\Do it Ex\Do it 18_구조체와 연결 리스트\18_04_01\18_04_01.c(22,64): error C2143: 구문 오류: ')'이(가) ';' 앞에 없습니다.
C:\Do it Ex\Do it 18_구조체와 연결 리스트\18_04_01\18_04_01.c(22,73): error C2059: 구문 오류: ')'
C:\Do it Ex\Do it 18_구조체와 연결 리스트\18_04_01\18_04_01.c(45,17): error C2143: 구문 오류: ']'이(가) ';' 앞에 없습니다.
C:\Do it Ex\Do it 18_구조체와 연결 리스트\18_04_01\18_04_01.c(45,26): error C2143: 구문 오류: ';'이(가) ']' 앞에 없습니다.
C:\Do it Ex\Do it 18_구조체와 연결 리스트\18_04_01\18_04_01.c(46,25): error C2143: 구문 오류: ']'이(가) ';' 앞에 없습니다.
C:\Do it Ex\Do it 18_구조체와 연결 리스트\18_04_01\18_04_01.c(46,34): error C2143: 구문 오류: ';'이(가) ']' 앞에 없습니다.
C:\Do it Ex\Do it 18_구조체와 연결 리스트\18_04_01\18_04_01.c(47,15): error C2143: 구문 오류: ']'이(가) ';' 앞에 없습니다.
C:\Do it Ex\Do it 18_구조체와 연결 리스트\18_04_01\18_04_01.c(47,24): error C2143: 구문 오류: ';'이(가) ']' 앞에 없습니다.
C:\Do it Ex\Do it 18_구조체와 연결 리스트\18_04_01\18_04_01.c(48,15): error C2143: 구문 오류: ']'이(가) ';' 앞에 없습니다.
C:\Do it Ex\Do it 18_구조체와 연결 리스트\18_04_01\18_04_01.c(48,24): error C2143: 구문 오류: ';'이(가) ']' 앞에 없습니다.
C:\Do it Ex\Do it 18_구조체와 연결 리스트\18_04_01\18_04_01.c(61,27): warning C4047: '함수': 'NAME_TYPE (*)'의 간접 참조 수준이 'int [5]'과(와) 다릅니다.
C:\Do it Ex\Do it 18_구조체와 연결 리스트\18_04_01\18_04_01.c(61,23): warning C4024: 'AddFriend': 형식 및 실제 매개 변수 1의 형식이 서로 다릅니다.
C:\Do it Ex\Do it 18_구조체와 연결 리스트\18_04_01\18_04_01.c(61,32): warning C4133: '함수': 'int [5]'과(와) 'unsigned short *' 사이의 형식이 호환되지 않습니다.
C:\Do it Ex\Do it 18_구조체와 연결 리스트\18_04_01\18_04_01.c(61,40): warning C4133: '함수': 'int [5]'과(와) 'float *' 사이의 형식이 호환되지 않습니다.
C:\Do it Ex\Do it 18_구조체와 연결 리스트\18_04_01\18_04_01.c(61,48): warning C4133: '함수': 'int [5]'과(와) 'float *' 사이의 형식이 호환되지 않습니다.
C:\Do it Ex\Do it 18_구조체와 연결 리스트\18_04_01\18_04_01.c(64,18): warning C4013: 'showFriendList'이(가) 정의되지 않았습니다. extern은 int형을 반환하는 것으로 간주합니다.
